<?xml version="1.0" encoding="UTF-8"?>
<testng-results skipped="0" failed="0" ignored="0" total="1" passed="1">
  <reporter-output>
  </reporter-output>
  <suite name="Suite" duration-ms="28322" started-at="2020-05-03T17:47:16 IST" finished-at="2020-05-03T17:47:45 IST">
    <groups>
    </groups>
    <test name="Test" duration-ms="28322" started-at="2020-05-03T17:47:16 IST" finished-at="2020-05-03T17:47:45 IST">
      <class name="Testframework.NewTest">
        <test-method status="PASS" signature="verifyingpagetitle(java.lang.String)[pri:0, instance:Testframework.NewTest@731a74c]" name="verifyingpagetitle" duration-ms="28247" started-at="2020-05-03T17:47:16 IST" finished-at="2020-05-03T17:47:44 IST">
          <params>
            <param index="0">
              <value>
                <![CDATA[chrome]]>
              </value>
            </param>
          </params>
          <reporter-output>
          </reporter-output>
        </test-method> <!-- verifyingpagetitle -->
      </class> <!-- Testframework.NewTest -->
    </test> <!-- Test -->
  </suite> <!-- Suite -->
</testng-results>
